[    0.000000] Initializing cgroup subsys cpuset
[    0.000000] Initializing cgroup subsys cpu
[    0.000000] Initializing cgroup subsys cpuacct
[    0.000000] Linux version 4.4.0-165-generic (buildd@lgw01-amd64-027) (gcc version 5.4.0 20160609 (Ubuntu 5.4.0-6ubuntu1~16.04.10) ) #193-Ubuntu SMP Tue Sep 17 17:42:52 UTC 2019 (Ubuntu 4.4.0-165.193-generic 4.4.189)
[    0.000000] Command line: BOOT_IMAGE=/boot/vmlinuz-4.4.0-165-generic root=LABEL=cloudimg-rootfs ro console=tty1 console=ttyS0
[    0.000000] KERNEL supported cpus:
[    0.000000]   Intel GenuineIntel
[    0.000000]   AMD AuthenticAMD
[    0.000000]   Centaur CentaurHauls
[    0.000000] ------------[ cut here ]------------
[    0.000000] WARNING: CPU: 0 PID: 0 at /build/linux-ck91bl/linux-4.4.0/arch/x86/kernel/fpu/xstate.c:517 fpu__init_system_xstate+0x37e/0x764()
[    0.000000] XSAVE consistency problem, dumping leaves
[    0.000000] Modules linked in:
[    0.000000] CPU: 0 PID: 0 Comm: swapper Not tainted 4.4.0-165-generic #193-Ubuntu
[    0.000000]  0000000000000086 f348ea0304503881 ffffffff81e03d70 ffffffff8140c201
[    0.000000]  ffffffff81e03db8 ffffffff81cb36f8 ffffffff81e03da8 ffffffff810864e2
[    0.000000]  0000000000000008 0000000000000340 0000000000000100 ffffffff81e03e3c
[    0.000000] Call Trace:
[    0.000000]  [<ffffffff8140c201>] dump_stack+0x63/0x82
[    0.000000]  [<ffffffff810864e2>] warn_slowpath_common+0x82/0xc0
[    0.000000]  [<ffffffff8108657c>] warn_slowpath_fmt+0x5c/0x80
[    0.000000]  [<ffffffff81081f94>] ? xfeature_size+0x59/0x77
[    0.000000]  [<ffffffff81f78325>] fpu__init_system_xstate+0x37e/0x764
[    0.000000]  [<ffffffff81f68120>] ? early_idt_handler_array+0x120/0x120
[    0.000000]  [<ffffffff81f77d2e>] fpu__init_system+0x1e7/0x28e
[    0.000000]  [<ffffffff81f78f9a>] early_cpu_init+0x276/0x27c
[    0.000000]  [<ffffffff81f78f9a>] ? early_cpu_init+0x276/0x27c
[    0.000000]  [<ffffffff81f742d1>] setup_arch+0xc0/0xd1f
[    0.000000]  [<ffffffff81f68120>] ? early_idt_handler_array+0x120/0x120
[    0.000000]  [<ffffffff81f68c75>] start_kernel+0xe2/0x4a4
[    0.000000]  [<ffffffff81f68120>] ? early_idt_handler_array+0x120/0x120
[    0.000000]  [<ffffffff81f68339>] x86_64_start_reservations+0x2a/0x2c
[    0.000000]  [<ffffffff81f68485>] x86_64_start_kernel+0x14a/0x16d
[    0.000000] ---[ end trace 4d5ff9f2f68c4233 ]---
[    0.000000] CPUID[0d, 00]: eax=00000007 ebx=00000440 ecx=00000440 edx=00000000
[    0.000000] CPUID[0d, 01]: eax=00000000 ebx=00000440 ecx=00000000 edx=00000000
[    0.000000] CPUID[0d, 02]: eax=00000100 ebx=00000240 ecx=00000000 edx=00000000
[    0.000000] CPUID[0d, 03]: eax=00000000 ebx=00000000 ecx=00000000 edx=00000000
[    0.000000] CPUID[0d, 04]: eax=00000000 ebx=00000000 ecx=00000000 edx=00000000
[    0.000000] CPUID[0d, 05]: eax=00000000 ebx=00000000 ecx=00000000 edx=00000000
[    0.000000] CPUID[0d, 06]: eax=00000000 ebx=00000000 ecx=00000000 edx=00000000
[    0.000000] CPUID[0d, 07]: eax=00000000 ebx=00000000 ecx=00000000 edx=00000000
[    0.000000] CPUID[0d, 08]: eax=00000000 ebx=00000000 ecx=00000000 edx=00000000
[    0.000000] CPUID[0d, 09]: eax=00000000 ebx=00000000 ecx=00000000 edx=00000000
[    0.000000] CPUID[0d, 0a]: eax=00000000 ebx=00000000 ecx=00000000 edx=00000000
[    0.000000] CPUID[0d, 0b]: eax=00000000 ebx=00000000 ecx=00000000 edx=00000000
[    0.000000] CPUID[0d, 0c]: eax=00000000 ebx=00000000 ecx=00000000 edx=00000000
[    0.000000] CPUID[0d, 0d]: eax=00000000 ebx=00000000 ecx=00000000 edx=00000000
[    0.000000] CPUID[0d, 0e]: eax=00000000 ebx=00000000 ecx=00000000 edx=00000000
[    0.000000] CPUID[0d, 0f]: eax=00000000 ebx=00000000 ecx=00000000 edx=00000000
[    0.000000] CPUID[0d, 10]: eax=00000000 ebx=00000000 ecx=00000000 edx=00000000
[    0.000000] CPUID[0d, 11]: eax=00000000 ebx=00000000 ecx=00000000 edx=00000000
[    0.000000] x86/fpu: xstate_offset[2]:  576, xstate_sizes[2]:  256
[    0.000000] x86/fpu: Supporting XSAVE feature 0x01: 'x87 floating point registers'
[    0.000000] x86/fpu: Supporting XSAVE feature 0x02: 'SSE registers'
[    0.000000] x86/fpu: Supporting XSAVE feature 0x04: 'AVX registers'
[    0.000000] x86/fpu: Enabled xstate features 0x7, context size is 1088 bytes, using 'standard' format.
[    0.000000] e820: BIOS-provided physical RAM map:
[    0.000000] BIOS-e820: [mem 0x0000000000000000-0x000000000009fbff] usable
[    0.000000] BIOS-e820: [mem 0x000000000009fc00-0x000000000009ffff] reserved
[    0.000000] BIOS-e820: [mem 0x00000000000f0000-0x00000000000fffff] reserved
[    0.000000] BIOS-e820: [mem 0x0000000000100000-0x000000003ffeffff] usable
[    0.000000] BIOS-e820: [mem 0x000000003fff0000-0x000000003fffffff] ACPI data
[    0.000000] BIOS-e820: [mem 0x00000000fec00000-0x00000000fec00fff] reserved
[    0.000000] BIOS-e820: [mem 0x00000000fee00000-0x00000000fee00fff] reserved
[    0.000000] BIOS-e820: [mem 0x00000000fffc0000-0x00000000ffffffff] reserved
[    0.000000] NX (Execute Disable) protection: active
[    0.000000] SMBIOS 2.5 present.
[    0.000000] Hypervisor detected: KVM
[    0.000000] e820: last_pfn = 0x3fff0 max_arch_pfn = 0x400000000
[    0.000000] MTRR: Disabled
[    0.000000] x86/PAT: MTRRs disabled, skipping PAT initialization too.
[    0.000000] CPU MTRRs all blank - virtualized system.
[    0.000000] x86/PAT: Configuration [0-7]: WB  WT  UC- UC  WB  WT  UC- UC  
[    0.000000] found SMP MP-table at [mem 0x0009fff0-0x0009ffff] mapped at [ffff88000009fff0]
[    0.000000] Scanning 1 areas for low memory corruption
[    0.000000] RAMDISK: [mem 0x362fa000-0x37174fff]
[    0.000000] ACPI: Early table checksum verification disabled
[    0.000000] ACPI: RSDP 0x00000000000E0000 000024 (v02 VBOX  )
[    0.000000] ACPI: XSDT 0x000000003FFF0030 00003C (v01 VBOX   VBOXXSDT 00000001 ASL  00000061)
[    0.000000] ACPI: FACP 0x000000003FFF00F0 0000F4 (v04 VBOX   VBOXFACP 00000001 ASL  00000061)
[    0.000000] ACPI: DSDT 0x000000003FFF0470 0021FF (v02 VBOX   VBOXBIOS 00000002 INTL 20100528)
[    0.000000] ACPI: FACS 0x000000003FFF0200 000040
[    0.000000] ACPI: FACS 0x000000003FFF0200 000040
[    0.000000] ACPI: APIC 0x000000003FFF0240 00005C (v02 VBOX   VBOXAPIC 00000001 ASL  00000061)
[    0.000000] ACPI: SSDT 0x000000003FFF02A0 0001CC (v01 VBOX   VBOXCPUT 00000002 INTL 20100528)
[    0.000000] No NUMA configuration found
[    0.000000] Faking a node at [mem 0x0000000000000000-0x000000003ffeffff]
[    0.000000] NODE_DATA(0) allocated [mem 0x3ffeb000-0x3ffeffff]
[    0.000000] kvm-clock: Using msrs 4b564d01 and 4b564d00
[    0.000000] kvm-clock: cpu 0, msr 0:3ffe3001, primary cpu clock
[    0.000000] kvm-clock: using sched offset of 3540044861 cycles
[    0.000000] clocksource: kvm-clock: mask: 0xffffffffffffffff max_cycles: 0x1cd42e4dffb, max_idle_ns: 881590591483 ns
[    0.000000] Zone ranges:
[    0.000000]   DMA      [mem 0x0000000000001000-0x0000000000ffffff]
[    0.000000]   DMA32    [mem 0x0000000001000000-0x000000003ffeffff]
[    0.000000]   Normal   empty
[    0.000000]   Device   empty
[    0.000000] Movable zone start for each node
[    0.000000] Early memory node ranges
[    0.000000]   node   0: [mem 0x0000000000001000-0x000000000009efff]
[    0.000000]   node   0: [mem 0x0000000000100000-0x000000003ffeffff]
[    0.000000] Initmem setup node 0 [mem 0x0000000000001000-0x000000003ffeffff]
[    0.000000] ACPI: PM-Timer IO Port: 0x4008
[    0.000000] IOAPIC[0]: apic_id 2, version 32, address 0xfec00000, GSI 0-23
[    0.000000] ACPI: INT_SRC_OVR (bus 0 bus_irq 0 global_irq 2 dfl dfl)
[    0.000000] ACPI: INT_SRC_OVR (bus 0 bus_irq 9 global_irq 9 high level)
[    0.000000] Using ACPI (MADT) for SMP configuration information
[    0.000000] smpboot: Allowing 2 CPUs, 0 hotplug CPUs
[    0.000000] PM: Registered nosave memory: [mem 0x00000000-0x00000fff]
[    0.000000] PM: Registered nosave memory: [mem 0x0009f000-0x0009ffff]
[    0.000000] PM: Registered nosave memory: [mem 0x000a0000-0x000effff]
[    0.000000] PM: Registered nosave memory: [mem 0x000f0000-0x000fffff]
[    0.000000] e820: [mem 0x40000000-0xfebfffff] available for PCI devices
[    0.000000] Booting paravirtualized kernel on KVM
[    0.000000] clocksource: refined-jiffies: mask: 0xffffffff max_cycles: 0xffffffff, max_idle_ns: 7645519600211568 ns
[    0.000000] setup_percpu: NR_CPUS:512 nr_cpumask_bits:512 nr_cpu_ids:2 nr_node_ids:1
[    0.000000] PERCPU: Embedded 34 pages/cpu @ffff88003fc00000 s99544 r8192 d31528 u1048576
[    0.000000] Built 1 zonelists in Node order, mobility grouping on.  Total pages: 257912
[    0.000000] Policy zone: DMA32
[    0.000000] Kernel command line: BOOT_IMAGE=/boot/vmlinuz-4.4.0-165-generic root=LABEL=cloudimg-rootfs ro console=tty1 console=ttyS0
[    0.000000] PID hash table entries: 4096 (order: 3, 32768 bytes)
[    0.000000] Memory: 997732K/1048120K available (8621K kernel code, 1335K rwdata, 4032K rodata, 1484K init, 1284K bss, 50388K reserved, 0K cma-reserved)
[    0.000000] SLUB: HWalign=64, Order=0-3, MinObjects=0, CPUs=2, Nodes=1
[    0.000000] Kernel/User page tables isolation: enabled
[    0.000000] Hierarchical RCU implementation.
[    0.000000] 	Build-time adjustment of leaf fanout to 64.
[    0.000000] 	RCU restricting CPUs from NR_CPUS=512 to nr_cpu_ids=2.
[    0.000000] RCU: Adjusting geometry for rcu_fanout_leaf=64, nr_cpu_ids=2
[    0.000000] NR_IRQS:33024 nr_irqs:440 16
[    0.000000] Console: colour VGA+ 80x25
[    0.000000] console [tty1] enabled
[    0.000000] console [ttyS0] enabled
[    0.000000] tsc: Detected 2711.996 MHz processor
[    5.973553] Calibrating delay loop (skipped) preset value.. 5423.99 BogoMIPS (lpj=10847984)
[    6.015263] pid_max: default: 32768 minimum: 301
[    6.017119] ACPI: Core revision 20150930
[    6.051747] ACPI: 2 ACPI AML tables successfully acquired and loaded
[    6.107277] Security Framework initialized
[    6.164310] Yama: becoming mindful.
[    6.200408] AppArmor: AppArmor initialized
[    6.246921] Dentry cache hash table entries: 131072 (order: 8, 1048576 bytes)
[    6.361408] Inode-cache hash table entries: 65536 (order: 7, 524288 bytes)
[    6.485234] Mount-cache hash table entries: 2048 (order: 2, 16384 bytes)
[    6.508305] Mountpoint-cache hash table entries: 2048 (order: 2, 16384 bytes)
[    6.536185] Initializing cgroup subsys io
[    6.563648] Initializing cgroup subsys memory
[    6.601068] Initializing cgroup subsys devices
[    6.648160] Initializing cgroup subsys freezer
[    6.689200] Initializing cgroup subsys net_cls
[    6.691080] Initializing cgroup subsys perf_event
[    6.727022] Initializing cgroup subsys net_prio
[    6.763430] Initializing cgroup subsys hugetlb
[    6.765179] Initializing cgroup subsys pids
[    6.778801] mce: CPU supports 0 MCE banks
[    6.814866] Last level iTLB entries: 4KB 64, 2MB 8, 4MB 8
[    6.846162] Last level dTLB entries: 4KB 64, 2MB 0, 4MB 0, 1GB 4
[    6.865944] Spectre V1 : Mitigation: usercopy/swapgs barriers and __user pointer sanitization
[    6.875133] Spectre V2 : Mitigation: Full generic retpoline
[    6.882568] Spectre V2 : Spectre v2 / SpectreRSB mitigation: Filling RSB on context switch
[    6.911296] Speculative Store Bypass: Vulnerable
[    6.915137] MDS: Vulnerable: Clear CPU buffers attempted, no microcode
[    6.947814] Freeing SMP alternatives memory: 36K
[    6.961459] ftrace: allocating 32318 entries in 127 pages
[    7.045237] smpboot: APIC(0) Converting physical 0 to logical package 0
[    7.098947] smpboot: Max logical packages: 1
[    7.168466] x2apic enabled
[    7.203786] Switched APIC routing to physical x2apic.
[    7.287784] ..TIMER: vector=0x30 apic1=0 pin1=2 apic2=-1 pin2=-1
[    7.470344] smpboot: CPU0: Intel(R) Core(TM) i5-7200U CPU @ 2.50GHz (family: 0x6, model: 0x8e, stepping: 0x9)
[    7.566040] Performance Events: unsupported p6 CPU model 142 no PMU driver, software events only.
[    7.621684] KVM setup paravirtual spinlock
[    7.663874] x86: Booting SMP configuration:
[    7.709806] .... node  #0, CPUs:      #1
[    7.753429] kvm-clock: cpu 1, msr 0:3ffe3041, secondary cpu clock
[    7.776156] mce: CPU supports 0 MCE banks
[    7.785005] x86: Booted up 1 node, 2 CPUs
[    7.827209] smpboot: Total of 2 processors activated (10847.98 BogoMIPS)
[    7.857166] devtmpfs: initialized
[    7.903594] evm: security.selinux
[    7.934582] evm: security.SMACK64
[    7.962652] evm: security.SMACK64EXEC
[    8.003522] evm: security.SMACK64TRANSMUTE
[    8.017301] evm: security.SMACK64MMAP
[    8.026309] evm: security.ima
[    8.030807] evm: security.capability
[    8.036493] clocksource: jiffies: mask: 0xffffffff max_cycles: 0xffffffff, max_idle_ns: 7645041785100000 ns
[    8.076050] futex hash table entries: 512 (order: 3, 32768 bytes)
[    8.081821] pinctrl core: initialized pinctrl subsystem
[    8.105318] RTC time: 14:53:28, date: 10/15/19
[    8.111261] NET: Registered protocol family 16
[    8.127023] cpuidle: using governor ladder
[    8.158369] cpuidle: using governor menu
[    8.210525] PCCT header not found.
[    8.243782] ACPI: bus type PCI registered
[    8.279839] acpiphp: ACPI Hot Plug PCI Controller Driver version: 0.5
[    8.303824] PCI: Using configuration type 1 for base access
[    8.371174] ACPI: Added _OSI(Module Device)
[    8.409938] ACPI: Added _OSI(Processor Device)
[    8.470374] ACPI: Added _OSI(3.0 _SCP Extensions)
[    8.489807] ACPI: Added _OSI(Processor Aggregator Device)
[    8.546610] ACPI: Executed 1 blocks of module-level executable AML code
[    8.556484] ACPI: Interpreter enabled
[    8.576161] ACPI: (supports S0 S5)
[    8.594247] ACPI: Using IOAPIC for interrupt routing
[    8.646251] PCI: Using host bridge windows from ACPI; if necessary, use "pci=nocrs" and report a bug
[    8.696617] ACPI: PCI Root Bridge [PCI0] (domain 0000 [bus 00-ff])
[    8.709004] acpi PNP0A03:00: _OSC: OS supports [ASPM ClockPM Segments MSI]
[    8.711672] acpi PNP0A03:00: _OSC: not requesting OS control; OS requires [ExtendedConfig ASPM ClockPM MSI]
[    8.722003] acpi PNP0A03:00: fail to add MMCONFIG information, can't access extended PCI configuration space under this bridge.
[    8.805149] PCI host bridge to bus 0000:00
[    8.840264] pci_bus 0000:00: root bus resource [io  0x0000-0x0cf7 window]
[    8.924299] pci_bus 0000:00: root bus resource [io  0x0d00-0xffff window]
[    8.999442] pci_bus 0000:00: root bus resource [mem 0x000a0000-0x000bffff window]
[    9.069051] pci_bus 0000:00: root bus resource [mem 0x40000000-0xffdfffff window]
[    9.090524] pci_bus 0000:00: root bus resource [bus 00-ff]
[    9.155072] pci 0000:00:01.1: legacy IDE quirk: reg 0x10: [io  0x01f0-0x01f7]
[    9.165053] pci 0000:00:01.1: legacy IDE quirk: reg 0x14: [io  0x03f6]
[    9.168864] pci 0000:00:01.1: legacy IDE quirk: reg 0x18: [io  0x0170-0x0177]
[    9.191992] pci 0000:00:01.1: legacy IDE quirk: reg 0x1c: [io  0x0376]
[    9.223600] pci 0000:00:07.0: quirk: [io  0x4000-0x403f] claimed by PIIX4 ACPI
[    9.233347] pci 0000:00:07.0: quirk: [io  0x4100-0x410f] claimed by PIIX4 SMB
[    9.275764] ACPI: PCI Interrupt Link [LNKA] (IRQs 5 9 10 *11)
[    9.300147] ACPI: PCI Interrupt Link [LNKB] (IRQs 5 9 10 *11)
[    9.305335] ACPI: PCI Interrupt Link [LNKC] (IRQs 5 9 *10 11)
[    9.321709] ACPI: PCI Interrupt Link [LNKD] (IRQs 5 *9 10 11)
[    9.361843] ACPI: Enabled 2 GPEs in block 00 to 07
[    9.418211] vgaarb: setting as boot device: PCI:0000:00:02.0
[    9.483484] vgaarb: device added: PCI:0000:00:02.0,decodes=io+mem,owns=io+mem,locks=none
[    9.576596] vgaarb: loaded
[    9.617048] vgaarb: bridge control possible 0000:00:02.0
[    9.681100] SCSI subsystem initialized
[    9.723429] ACPI: bus type USB registered
[    9.767492] usbcore: registered new interface driver usbfs
[    9.783665] usbcore: registered new interface driver hub
[    9.799927] usbcore: registered new device driver usb
[    9.811678] PCI: Using ACPI for IRQ routing
[    9.846233] NetLabel: Initializing
[    9.851763] NetLabel:  domain hash size = 128
[    9.872254] NetLabel:  protocols = UNLABELED CIPSOv4
[    9.922716] NetLabel:  unlabeled traffic allowed by default
[    9.965839] amd_nb: Cannot enumerate AMD northbridges
[   10.005889] clocksource: Switched to clocksource kvm-clock
[   10.078288] AppArmor: AppArmor Filesystem Enabled
[   10.155066] pnp: PnP ACPI init
[   10.230967] pnp: PnP ACPI: found 3 devices
[   10.302692] clocksource: acpi_pm: mask: 0xffffff max_cycles: 0xffffff, max_idle_ns: 2085701024 ns
[   10.361090] NET: Registered protocol family 2
[   10.372993] TCP established hash table entries: 8192 (order: 4, 65536 bytes)
[   10.412990] TCP bind hash table entries: 8192 (order: 5, 131072 bytes)
[   10.415383] TCP: Hash tables configured (established 8192 bind 8192)
[   10.420205] UDP hash table entries: 512 (order: 2, 16384 bytes)
[   10.451058] UDP-Lite hash table entries: 512 (order: 2, 16384 bytes)
[   10.594313] NET: Registered protocol family 1
[   10.609990] pci 0000:00:00.0: Limiting direct PCI/PCI transfers
[   10.638504] pci 0000:00:01.0: Activating ISA DMA hang workarounds
[   10.744998] Unpacking initramfs...
[   11.101597] Freeing initrd memory: 14828K
[   11.155587] clocksource: tsc: mask: 0xffffffffffffffff max_cycles: 0x271782d3887, max_idle_ns: 440795314643 ns
[   11.263313] platform rtc_cmos: registered platform RTC device (no PNP device found)
[   11.361727] Scanning for low memory corruption every 60 seconds
[   11.372183] audit: initializing netlink subsys (disabled)
[   11.395408] audit: type=2000 audit(1571151207.729:1): initialized
[   11.444968] Initialise system trusted keyring
[   11.460912] HugeTLB registered 2 MB page size, pre-allocated 0 pages
[   11.471720] zbud: loaded
[   11.473723] VFS: Disk quotas dquot_6.6.0
[   11.481126] VFS: Dquot-cache hash table entries: 512 (order 0, 4096 bytes)
[   11.484011] squashfs: version 4.0 (2009/01/31) Phillip Lougher
[   11.497051] fuse init (API version 7.23)
[   11.515206] Key type big_key registered
[   11.526945] Allocating IMA MOK and blacklist keyrings.
[   11.532704] Key type asymmetric registered
[   11.553299] Asymmetric key parser 'x509' registered
[   11.565297] Block layer SCSI generic (bsg) driver version 0.4 loaded (major 249)
[   11.573181] io scheduler noop registered
[   11.575001] io scheduler deadline registered (default)
[   11.576947] io scheduler cfq registered
[   11.584298] pci_hotplug: PCI Hot Plug PCI Core version: 0.5
[   11.586419] pciehp: PCI Express Hot Plug Controller Driver version: 0.4
[   11.589001] ACPI: AC Adapter [AC] (on-line)
[   11.596369] input: Power Button as /devices/LNXSYSTM:00/LNXPWRBN:00/input/input0
[   11.599369] ACPI: Power Button [PWRF]
[   11.601030] input: Sleep Button as /devices/LNXSYSTM:00/LNXSLPBN:00/input/input1
[   11.607866] ACPI: Sleep Button [SLPF]
[   11.609784] GHES: HEST is not enabled!
[   11.632516] ACPI: Battery Slot [BAT0] (battery present)
[   11.677136] Serial: 8250/16550 driver, 32 ports, IRQ sharing enabled
[   11.719487] 00:02: ttyS0 at I/O 0x3f8 (irq = 4, base_baud = 115200) is a 16550A
[   11.747244] Linux agpgart interface v0.103
[   11.752672] loop: module loaded
[   11.763189] scsi host0: ata_piix
[   11.777893] scsi host1: ata_piix
[   11.797510] ata1: PATA max UDMA/33 cmd 0x1f0 ctl 0x3f6 bmdma 0xd000 irq 14
[   11.831917] ata2: PATA max UDMA/33 cmd 0x170 ctl 0x376 bmdma 0xd008 irq 15
[   11.870526] libphy: Fixed MDIO Bus: probed
[   11.873834] tun: Universal TUN/TAP device driver, 1.6
[   11.889197] tun: (C) 1999-2004 Max Krasnyansky <maxk@qualcomm.com>
[   11.893451] PPP generic driver version 2.4.2
[   11.902315] ehci_hcd: USB 2.0 'Enhanced' Host Controller (EHCI) Driver
[   11.956893] ehci-pci: EHCI PCI platform driver
[   11.960056] ehci-platform: EHCI generic platform driver
[   11.969975] ohci_hcd: USB 1.1 'Open' Host Controller (OHCI) Driver
[   11.984191] ohci-pci: OHCI PCI platform driver
[   11.991173] ohci-platform: OHCI generic platform driver
[   11.996991] uhci_hcd: USB Universal Host Controller Interface driver
[   12.020032] i8042: PNP: PS/2 Controller [PNP0303:PS2K,PNP0f03:PS2M] at 0x60,0x64 irq 1,12
[   12.030976] serio: i8042 KBD port at 0x60,0x64 irq 1
[   12.036349] serio: i8042 AUX port at 0x60,0x64 irq 12
[   12.042636] mousedev: PS/2 mouse device common for all mice
[   12.048002] input: AT Translated Set 2 keyboard as /devices/platform/i8042/serio0/input/input2
[   12.061670] rtc_cmos rtc_cmos: rtc core: registered rtc_cmos as rtc0
[   12.070120] rtc_cmos rtc_cmos: alarms up to one day, 114 bytes nvram
[   12.092331] i2c /dev entries driver
[   12.111974] device-mapper: uevent: version 1.0.3
[   12.134864] device-mapper: ioctl: 4.34.0-ioctl (2015-10-28) initialised: dm-devel@redhat.com
[   12.152154] ledtrig-cpu: registered to indicate activity on CPUs
[   12.155013] NET: Registered protocol family 10
[   12.158189] NET: Registered protocol family 17
[   12.162784] Key type dns_resolver registered
[   12.164748] registered taskstats version 1
[   12.172171] Loading compiled-in X.509 certificates
[   12.194571] Loaded X.509 cert 'Build time autogenerated kernel key: 0ed82eac04367aa6426493b1389455ebf6830eaa'
[   12.253046] zswap: loaded using pool lzo/zbud
[   12.276439] Key type trusted registered
[   12.311018] Key type encrypted registered
[   12.353179] AppArmor: AppArmor sha1 policy hashing enabled
[   12.419437] ima: No TPM chip found, activating TPM-bypass!
[   12.448838] ima: Allocated hash algorithm: sha1
[   12.457469] evm: HMAC attrs: 0x1
[   12.459472]   Magic number: 7:974:889
[   12.462324] rtc_cmos rtc_cmos: setting system clock to 2019-10-15 14:53:33 UTC (1571151213)
[   12.468060] BIOS EDD facility v0.16 2004-Jun-25, 0 devices found
[   12.472683] EDD information not available.
[   12.475589] Freeing unused kernel memory: 1484K
[   12.494115] Write protecting the kernel read-only data: 14336k
[   12.510976] Freeing unused kernel memory: 1608K
[   12.530899] Freeing unused kernel memory: 64K
Loading, please [   12.549687] random: systemd-udevd: uninitialized urandom read (16 bytes read, 5 bits of entropy available)
wait...
startin[   12.550369] random: udevadm: uninitialized urandom read (16 bytes read, 5 bits of entropy available)
g version 229
[   12.550386] random: udevadm: uninitialized urandom read (16 bytes read, 5 bits of entropy available)
[   12.559774] random: udevadm: uninitialized urandom read (16 bytes read, 5 bits of entropy available)
[   12.559817] random: udevadm: uninitialized urandom read (16 bytes read, 5 bits of entropy available)
[   12.559965] random: udevadm: uninitialized urandom read (16 bytes read, 5 bits of entropy available)
[   12.560026] random: udevadm: uninitialized urandom read (16 bytes read, 5 bits of entropy available)
[   12.560078] random: udevadm: uninitialized urandom read (16 bytes read, 5 bits of entropy available)
[   12.560134] random: udevadm: uninitialized urandom read (16 bytes read, 5 bits of entropy available)
[   12.560184] random: udevadm: uninitialized urandom read (16 bytes read, 5 bits of entropy available)
[   12.797822] Fusion MPT base driver 3.04.20
[   12.811863] Copyright (c) 1999-2008 LSI Corporation
[   12.826312] Fusion MPT SPI Host driver 3.04.20
[   12.848142] AVX version of gcm_enc/dec engaged.
[   12.850102] mptbase: ioc0: Initiating bringup
[   12.852062] e1000: Intel(R) PRO/1000 Network Driver - version 7.3.21-k8-NAPI
[   12.852063] e1000: Copyright (c) 1999-2006 Intel Corporation.
[   12.919746] AES CTR mode by8 optimization enabled
[   12.962771] ioc0: LSI53C1030 A0: Capabilities={Initiator}
[   13.044926] input: ImExPS/2 Generic Explorer Mouse as /devices/platform/i8042/serio1/input/input4
[   13.206357] scsi host2: ioc0: LSI53C1030 A0, FwRev=00000000h, Ports=1, MaxQ=256, IRQ=20
[   13.513296] scsi 2:0:0:0: Direct-Access     VBOX     HARDDISK         1.0  PQ: 0 ANSI: 5
[   13.564478] scsi target2:0:0: Beginning Domain Validation
[   13.609621] scsi target2:0:0: Domain Validation skipping write tests
[   13.629025] scsi target2:0:0: Ending Domain Validation
[   13.638419] scsi target2:0:0: asynchronous
[   13.666073] scsi 2:0:1:0: Direct-Access     VBOX     HARDDISK         1.0  PQ: 0 ANSI: 5
[   13.698962] scsi target2:0:1: Beginning Domain Validation
[   13.702136] scsi target2:0:1: Domain Validation skipping write tests
[   13.718342] scsi target2:0:1: Ending Domain Validation
[   13.749251] scsi target2:0:1: asynchronous
[   13.763610] sd 2:0:0:0: Attached scsi generic sg0 type 0
[   13.787007] sd 2:0:0:0: [sda] 20971520 512-byte logical blocks: (10.7 GB/10.0 GiB)
[   13.802590] sd 2:0:0:0: [sda] Write Protect is off
[   13.827993] sd 2:0:1:0: [sdb] 20480 512-byte logical blocks: (10.5 MB/10.0 MiB)
[   13.867925] sd 2:0:1:0: Attached scsi generic sg1 type 0
[   13.887942] sd 2:0:0:0: [sda] Incomplete mode parameter data
[   13.928322] sd 2:0:0:0: [sda] Assuming drive cache: write through
[   13.929074] e1000 0000:00:03.0 eth0: (PCI:33MHz:32-bit) 02:0e:9b:2d:5b:92
[   13.929091] e1000 0000:00:03.0 eth0: Intel(R) PRO/1000 Network Connection
[   13.974805] sd 2:0:1:0: [sdb] Write Protect is off
[   13.977072] sd 2:0:1:0: [sdb] Incomplete mode parameter data
[   14.020307] sd 2:0:1:0: [sdb] Assuming drive cache: write through
[   14.057800]  sda: sda1
[   14.060949] sd 2:0:0:0: [sda] Attached SCSI disk
[   14.083756] sd 2:0:1:0: [sdb] Attached SCSI disk
[   14.337844] e1000 0000:00:08.0 eth1: (PCI:33MHz:32-bit) 08:00:27:0a:b6:ed
[   14.433766] e1000 0000:00:08.0 eth1: Intel(R) PRO/1000 Network Connection
[   14.456417] e1000 0000:00:08.0 enp0s8: renamed from eth1
[   14.508545] e1000 0000:00:03.0 enp0s3: renamed from eth0
Begin: Loading e[   16.112884] md: linear personality registered for level -1
ssential drivers ... [   16.132093] md: multipath personality registered for level -4
[   16.156239] md: raid0 personality registered for level 0
[   16.184887] md: raid1 personality registered for level 1
[   16.305897] raid6: sse2x1   gen()  9223 MB/s
[   16.414180] raid6: sse2x1   xor()  7484 MB/s
[   16.494191] raid6: sse2x2   gen()  9598 MB/s
[   16.634723] raid6: sse2x2   xor()  8702 MB/s
[   16.770416] raid6: sse2x4   gen() 13774 MB/s
[   16.854359] raid6: sse2x4   xor()  8365 MB/s
[   16.905351] raid6: using algorithm sse2x4 gen() 13774 MB/s
[   16.962728] raid6: .... xor() 8365 MB/s, rmw enabled
[   16.980604] raid6: using ssse3x2 recovery algorithm
[   17.046386] xor: automatically using best checksumming function:
[   17.166654]    avx       : 26182.000 MB/sec
[   17.220573] async_tx: api initialized (async)
[   17.267051] md: raid6 personality registered for level 6
[   17.279726] md: raid5 personality registered for level 5
[   17.287846] md: raid4 personality registered for level 4
[   17.297561] md: raid10 personality registered for level 10
done.
Begin: Running /scripts/init-premount ... done[   17.362375] Btrfs loaded
.
Begin: Mounting root file system ... Begin: Running /scripts/local-top ... do[   17.434215] EXT4-fs (sda1): mounted filesystem with ordered data mode. Opts: (null)
ne.
Begin: Running /scripts/local-premount ... Scanning for Btrfs filesystems
done.
Warning: fsck not present, so skipping root file system
done.
Begin: Running /scripts/local-bottom ... done.
Begin: Running /scripts/init-bottom ... done.
[   17.862819] systemd[1]: systemd 229 running in system mode. (+PAM +AUDIT +SELINUX +IMA +APPARMOR +SMACK +SYSVINIT +UTMP +LIBCRYPTSETUP +GCRYPT +GNUTLS +ACL +XZ -LZ4 +SECCOMP +BLKID +ELFUTILS +KMOD -IDN)
[   18.067457] systemd[1]: Detected virtualization oracle.
[   18.162880] systemd[1]: Detected architecture x86-64.

Welcome to [1mUbuntu 16.04.6 LTS[0m!

[   18.254803] systemd[1]: Set hostname to <ubuntu>.
[   18.359639] systemd[1]: Initializing machine ID from random generator.
[   18.392580] systemd[1]: Installed transient /etc/machine-id file.
[   18.559314] systemd[1]: Reached target System Time Synchronized.
[[0;32m  OK  [0m] Reached target System Time Synchronized.
[   18.642420] systemd[1]: Reached target Encrypted Volumes.
[[0;32m  OK  [0m] Reached target Encrypted Volumes.
[   18.692414] systemd[1]: Listening on udev Control Socket.
[[0;32m  OK  [0m] Listening on udev Control Socket.
[   18.766603] systemd[1]: Listening on Journal Socket (/dev/log).
[[0;32m  OK  [0m] Listening on Journal Socket (/dev/log).
[   18.887327] systemd[1]: Created slice System Slice.
[[0;32m  OK  [0m] Created slice System Slice.
[   19.047123] systemd[1]: Created slice system-serial\x2dgetty.slice.
[[0;32m  OK  [0m] Created slice system-serial\x2dgetty.slice.
[   19.215000] systemd[1]: Reached target User and Group Name Lookups.
[[0;32m  OK  [0m] Reached target User and Group Name Lookups.[   19.346734] random: nonblocking pool is initialized

[   19.466206] systemd[1]: Listening on /dev/initctl Compatibility Named Pipe.
[[0;32m  OK  [0m] Listening on /dev/initctl Compatibility Named Pipe.
[   19.558268] systemd[1]: Listening on LVM2 metadata daemon socket.
[[0;32m  OK  [0m] Listening on LVM2 metadata daemon socket.
[   19.586772] systemd[1]: Started Forward Password Requests to Wall Directory Watch.
[[0;32m  OK  [0m] Started Forward Password Requests to Wall Directory Watch.
[   19.634569] systemd[1]: Listening on Journal Socket.
[[0;32m  OK  [0m] Listening on Journal Socket.
[   19.742631] systemd[1]: Mounting Huge Pages File System...
         Mounting Huge Pages File System...
[   19.822097] systemd[1]: Starting Remount Root and Kernel File Systems...
[   19.828702] EXT4-fs (sda1): re-mounted. Opts: (null)
         Starting Remount Root and Kernel File Systems...
[   19.974194] systemd[1]: Mounting Debug File System...
         Mounting Debug File System...
[   20.091133] systemd[1]: Starting Set console keymap...
         Starting Set console keymap...
[   20.215000] systemd[1]: Created slice User and Session Slice.
[[0;32m  OK  [0m] Created slice User and Session Slice.
[   20.306939] systemd[1]: Listening on Device-mapper event daemon FIFOs.
[[0;32m  OK  [0m] Listening on Device-mapper event daemon FIFOs.
[   20.486424] systemd[1]: Starting Monitoring of LVM2 mirrors, snapshots etc. using dmeventd or progress polling...
         Starting Monitoring of LVM2 mirrors... dmeventd or progress polling...
[   20.666729] systemd[1]: Reached target Swap.
[[0;32m  OK  [0m] Reached target Swap.
[   20.718798] systemd[1]: Starting Create list of required static device nodes for the current kernel...
         Starting Create list of required st... nodes for the current kernel...
[   20.834841] systemd[1]: Mounting POSIX Message Queue File System...
         Mounting POSIX Message Queue File System...
[   20.954698] systemd[1]: Starting Uncomplicated firewall...
         Starting Uncomplicated firewall...
[   21.027044] systemd[1]: Set up automount Arbitrary Executable File Formats File System Automount Point.
[[0;32m  OK  [0m] Set up automount Arbitrary Executab...ats File System Automount Point.
[   21.284246] systemd[1]: Listening on udev Kernel Socket.
[[0;32m  OK  [0m] Listening on udev Kernel Socket.
[   21.434734] systemd[1]: Starting Nameserver information manager...
         Starting Nameserver information manager...
[   21.570497] systemd[1]: Listening on Syslog Socket.
[[0;32m  OK  [0m] Listening on Syslog Socket.
[   21.711235] systemd[1]: Started Trigger resolvconf update for networkd DNS.
[[0;32m  OK  [0m] Started Trigger resolvconf update for networkd DNS.
[   21.862651] systemd[1]: Starting Load Kernel Modules...
[   21.880496] Loading iSCSI transport class v2.0-870.
         Starting Load Kernel Modules...
[   21.906219] systemd[1]: Listening on Journal Audit Socket.
[[0;32m  OK  [0m] Listening on Journal Audit Socket.
[   21.929182] iscsi: registered transport (tcp)
[   21.936062] systemd[1]: Starting Journal Service...
         Starting Journal Service...
[   21.969017] systemd[1]: Listening on LVM2 poll daemon socket.
[[0;32m  OK  [0m] Listening on LVM2 poll daemo[   22.023847] iscsi: registered transport (iser)
n socket.
[   22.082353] systemd[1]: Reached target Slices.
[[0;32m  OK  [0m] Reached target Slices.
[   22.127643] systemd[1]: Mounted POSIX Message Queue File System.
[[0;32m  OK  [0m] Mounted POSIX Message Queue File System.
[   22.267556] systemd[1]: Mounted Debug File System.
[[0;32m  OK  [0m] Mounted Debug File System.
[   22.435030] systemd[1]: Mounted Huge Pages File System.
[[0;32m  OK  [0m] Mounted Huge Pages File System.
[   22.627407] systemd[1]: Started Journal Service.
[[0;32m  OK  [0m] Started Journal Service.
[[0;32m  OK  [0m] Started Remount Root and Kernel File Systems.
[[0;32m  OK  [0m] Started Set console keymap.
[[0;32m  OK  [0m] Started Create list of required sta...ce nodes for the current kernel.
[[0;32m  OK  [0m] Started Uncomplicated firewall.
[[0;32m  OK  [0m] Started Load Kernel Modules.
[[0;32m  OK  [0m] Started Nameserver information manager.
[[0;32m  OK  [0m] Started LVM2 metadata daemon.
         Mounting FUSE Control File System...
         Starting Apply Kernel Variables...
         Starting Create Static Device Nodes in /dev...
         Starting Load/Save Random Seed...
         Starting udev Coldplug all Devices...
         Starting Flush Journal to Persistent Storage...
[[0;32m  OK  [0m] Mounted FUSE Control File System.
[[0;32m  OK  [0m] Started Monitoring of LVM2 mirrors,...ng dmeventd or progress polling.
[[0;32m  OK  [0m] Started Apply Kernel Variables.
[[0;32m  OK  [0m] Started Create Static Device Nodes in /dev.
[[0;32m  OK  [0m] Started Load/Save Random Seed.
[[0;32m  OK  [0m] Started udev Coldplug all Devices.
         Starting udev Kernel Device Manager...
[[0;32m  OK  [0m] Reached target Local File Systems (Pre).
[[0;32m  OK  [0m] Reached target Local File Systems.
         Starting Tell Plymouth To Write Out Runtime Data...
         Starting Set console font and keymap...
         Starting LSB: AppArmor initialization...
         Starting Initial cloud-init job (pre-networking)...
         Starting Commit a transient machine-id on disk...
[[0;32m  OK  [0m] Started udev Kernel Device Manager.
[[0;32m  OK  [0m] Started Flush Journal to Persistent Storage.
[[0;32m  OK  [0m] Started Tell Plymouth To Write Out Runtime Data.
[[0;32m  OK  [0m] Started Commit a transient machine-id on disk.
[[0;32m  OK  [0m] Found device /dev/ttyS0.
         Starting Create Volatile Files and Directories...
[[0;32m  OK  [0m] Started Dispatch Password Requests to Console Directory Watch.
[[0;32m  OK  [0m] Started Create Volatile Files and Directories.
[[0;32m  OK  [0m] Listening on Load/Save RF Kill Switch Status /dev/rfkill Watch.
         Starting Update UTMP about System Boot/Shutdown...
[[0;32m  OK  [0m] Started Update UTMP about System Boot/Shutdown.
[   17.005121] cloud-init[494]: Cloud-init v. 19.2-36-g059d049c-0ubuntu1~16.04.1 running 'init-local' at Tue, 15 Oct 2019 14:53:46 +0000. Up 16.37 seconds.
[[0;32m  OK  [0m] Started Initial cloud-init job (pre-networking).
[[0;32m  OK  [0m] Reached target Network (Pre).
[[0;32m  OK  [0m] Started LSB: AppArmor initialization.
         Starting Raise network interfaces...
[[0;32m  OK  [0m] Started Set console font and keymap.
[[0;32m  OK  [0m] Created slice system-getty.slice.
[[0;32m  OK  [0m] Started Raise network interfaces.
[[0;32m  OK  [0m] Reached target Network.
         Starting Initial cloud-init job (metadata service crawler)...
[   19.728635] cloud-init[972]: Cloud-init v. 19.2-36-g059d049c-0ubuntu1~16.04.1 running 'init' at Tue, 15 Oct 2019 14:53:49 +0000. Up 19.01 seconds.
[[0;32m  OK  [0m] Started Initial cloud-init job (metadata service crawler).
[   19.887530] cloud-init[972]: ci-info: ++++++++++++++++++++++++++++++++++++++Net device info++++++++++++++++++++++++++++++++++++++
[   20.117108] cloud-init[972]: ci-info: +--------+-------+---------------------------+---------------+--------+-------------------+
[   20.269081] cloud-init[972]: ci-info: | Device |   Up  |          Address          |      Mask     | Scope  |     Hw-Address    |
[   20.343995] cloud-init[972]: ci-info: +--------+-------+---------------------------+---------------+--------+-------------------+
[   20.344543] cloud-init[972]: ci-info: | enp0s3 |  True |         10.0.2.15         | 255.255.255.0 | global | 02:0e:9b:2d:5b:92 |
[   20.345249] cloud-init[972]: ci-info: | enp0s3 |  True | fe80::e:9bff:fe2d:5b92/64 |       .       |  link  | 02:0e:9b:2d:5b:92 |
[   20.345657] cloud-init[972]: ci-info: | enp0s8 | False |             .             |       .       |   .    | 08:00:27:0a:b6:ed |
[   20.346136] cloud-init[972]: ci-info: |   lo   |  True |         127.0.0.1         |   255.0.0.0   |  host  |         .         |
[   20.346496] cloud-init[972]: ci-info: |   lo   |  True |          ::1/128          |       .       |  host  |         .         |
[   20.347280] cloud-init[972]: ci-info: +--------+-------+---------------------------+---------------+--------+-------------------+
[   20.347619] cloud-init[972]: ci-info: +++++++++++++++++++++++++++Route IPv4 info++++++++++++++++++++++++++++
[   20.347990] cloud-init[972]: ci-info: +-------+-------------+----------+---------------+-----------+-------+
[   20.348689] cloud-init[972]: ci-info: | Route | Destination | Gateway  |    Genmask    | Interface | Flags |
[   20.349231] cloud-init[972]: ci-info: +-------+-------------+----------+---------------+-----------+-------+
[   20.349553] cloud-init[972]: ci-info: |   0   |   0.0.0.0   | 10.0.2.2 |    0.0.0.0    |   enp0s3  |   UG  |
[[   20.349891] [0;32m  OK  [0mcloud-init] [972]: Reached target Network is Online.ci-info: |   1   |   10.0.2.0  | 0.0.0.0  | 255.255.255.0 |   enp0s3  |   U   |

[   20.349961] cloud-init[972]: ci-info: +-------+-------------+----------+---------------+-----------+-------+
[   21.662271] cloud-init[972]: ci-info: +++++++++++++++++++Route IPv6 info+++++++++++++++++++
[   21.663020] cloud-init[972]: ci-info: +-------+-------------+---------+-----------+-------+
         Starting iSCSI initiator daemon (iscsid)...
[   21.663332] cloud-init[972]: ci-info: | Route | Destination | Gateway | Interface | Flags |
[   21.850108] cloud-init[972]: ci-info: +-------+-------------+---------+-----------+-------+
[[0;32m  OK  [0m] Reached target Cloud-config availability.
[   21.850246] cloud-init[972]: ci-info: |   0   |  fe80::/64  |    ::   |   enp0s3  |   U   |
[[0;32m  OK  [0m] Reached target System Initialization.
[   22.185805] cloud-init[972]: ci-info: |   3   |   ff00::/8  |    ::   |   enp0s3  |   U   |
[   22.373996] cloud-init[972]: ci-info: +-------+-------------+---------+-----------+-------+
[[0;32m  OK  [0m] Started Daily apt download activities.
[   22.374120] cloud-init[972]: Generating public/private rsa key pair.
         Starting Socket activation for snappy daemon.
[   22.681098] cloud-init[972]: Your identification has been saved in /etc/ssh/ssh_host_rsa_key.
[   22.761039] cloud-init[972]: Your public key has been saved in /etc/ssh/ssh_host_rsa_key.pub.
[   22.761490] cloud-init[972]: The key fingerprint is:
[   22.761921] cloud-init[972]: SHA256:ixmgN6gwl9GzyxLBFXk3Q5iUA9kaABnCHifbshpWmB4 root@ubuntu-xenial
[   22.762540] cloud-init[972]: The key's randomart image is:
[[0;32m  OK  [0m] Listening on D-Bus System Message Bus Socket.
[   22.762959] cloud-init[972]: +---[RSA 2048]----+
[   23.009608] cloud-init[972]: |=+..+B.=.        |
[[0;32m  OK  [0m] Started Daily apt upgrade and clean activities.
[   23.009783] cloud-init[972]: |o= ++ B +        |
[   23.140364] cloud-init[972]: |. % ++ o o       |
[   23.140996] cloud-init[972]: | E O.+           |
[[0;32m  OK  [0m] Started ACPI Events Check.
[   23.141167] cloud-init[972]: |+ @ + . S        |
[   23.333735] cloud-init[972]: |oB + o + .       |
[[0;32m  OK  [0m] Reached target Paths.
[   23.333849] cloud-init[972]: |+.. o o .        |
[   23.526798] cloud-init[972]: |.  .             |
[[0;32m  OK  [0m] Started Daily Cleanup of Temporary Directories.
[   23.527399] cloud-init[972]: |                 |
[   23.682985] cloud-init[972]: +----[SHA256]-----+
[[0;32m  OK  [0m] Reached target Timers.
[   23.683278] cloud-init[972]: Generating public/private dsa key pair.
[   23.925221] cloud-init[972]: Your identification has been saved in /etc/ssh/ssh_host_dsa_key.
         Starting LXD - unix socket.
[   23.926707] cloud-init[972]: Your public key has been saved in /etc/ssh/ssh_host_dsa_key.pub.
[   24.066281] cloud-init[972]: The key fingerprint is:
[   24.066801] cloud-init[972]: SHA256:gVsqxI5aKBB3GVQcf1tJZ9uyVFDL8ckq9siOAFPd19c root@ubuntu-xenial
[[0;32m  OK  [0m] Listening on UUID daemon activation socket.
[   24.067012] cloud-init[972]: The key's randomart image is:
[   24.278283] cloud-init[972]: +---[DSA 1024]----+
[   24.278647] cloud-init[972]: |. ..+=o.    . ++o|
[   24.279005] cloud-init[972]: | o o. .o. .. +++*|
[   24.279077] cloud-init[972]: |.   o ..+...o.+*E|
[   24.279404] cloud-init[972]: |.. +  .+ o o...o.|
[[0;32m  OK  [0m] Listening on ACPID Listen Socket.
[   24.279706] cloud-init[972]: |o o ooo S .o ..  |
[   24.652688] cloud-init[972]: |.o   .o   o +    |
[   24.653074] cloud-init[972]: |.      .   o .   |
[[0;32m  OK  [0m] Listening on Socket activation for snappy daemon.
[   24.653249] cloud-init[972]: |        . o      |
[   24.889686] cloud-init[972]: |         . .     |
[[0;32m  OK  [0m] Listening on LXD - unix socket.
[   24.890083] cloud-init[972]: +----[SHA256]-----+
[   25.055547] cloud-init[972]: Generating public/private ecdsa key pair.
[[0;32m  OK  [0m] Started iSCSI initiator daemon (iscsid).
[   25.056579] cloud-init[972]: Your identification has been saved in /etc/ssh/ssh_host_ecdsa_key.
[   25.219524] cloud-init[972]: Your public key has been saved in /etc/ssh/ssh_host_ecdsa_key.pub.
[   25.219978] cloud-init[972]: The key fingerprint is:
         Starting Login to default iSCSI targets...
[   25.220172] cloud-init[972]: SHA256:Uacv+Ue2p5nVvA+mQqLj5BrVD8ghe++bGPlbChJQF3A root@ubuntu-xenial
[   25.325198] cloud-init[972]: The key's randomart image is:
[   25.325611] cloud-init[972]: +---[ECDSA 256]---+
[   25.325940] cloud-init[972]: |    o.E.  . .    |
[[0;32m  OK  [0m] Reached target Sockets.
[   25.326119] cloud-init[972]: |   . o   . o     |
[   25.470580] cloud-init[972]: |  . . . . .      |
[[0;32m  OK  [0m] Reached target Basic System.
[   25.470760] cloud-init[972]: |   . + + . o     |
[   25.600819] cloud-init[972]: |    o = S o . o  |
[   25.601213] cloud-init[972]: |     + o.o.o o o.|
         Starting Virtualbox guest utils...
[   25.601400] cloud-init[972]: |    o =..oo . = =|
[   25.711336] cloud-init[972]: |     =o* +.  + B.|
[   25.711755] cloud-init[972]: |    .o+.Bo .. +.o|
         Starting /etc/rc.local Compatibility...
[   25.711926] cloud-init[972]: +----[SHA256]-----+
[   25.768730] cloud-init[972]: Generating public/private ed25519 key pair.
[   25.769109] cloud-init[972]: Your identification has been saved in /etc/ssh/ssh_host_ed25519_key.
[[0;32m  OK  [0m] Started ACPI event daemon.
[   25.769294] cloud-init[972]: Your public key has been saved in /etc/ssh/ssh_host_ed25519_key.pub.
[   25.876432] cloud-init[972]: The key fingerprint is:
[   25.876927] cloud-init[972]: SHA256:ccFrUdHxqhX5Ltt/dgnlJRByKa+GiNkjUYcpI27HpyY root@ubuntu-xenial
[[0;32m  OK  [0m] Started D-Bus System Message Bus.
[   25.877135] cloud-init[972]: The key's randomart image is:
[   26.088384] cloud-init[972]: +--[ED25519 256]--+
[   26.089145] cloud-init[972]: |       o .o.==.. |
         Starting LXD - container startup/shutdown...
[   26.089469] cloud-init[972]: |  . o + . ++o .o |
[   26.141169] cloud-init[972]: | . o + .. .= .o .|
[   26.141445] cloud-init[972]: |  o + .  oo . .=.|
         Starting LSB: Record successful boot for GRUB...
[   26.141677] cloud-init[972]: | . . B .So .  =.o|
         [   26.240510] Starting Snappy daemon...cloud-init
[972]: |  E * + . o  + o |
[   26.321182] cloud-init[972]: |   o . . .  . o o|
[   26.321854] cloud-init[972]: |               =+|
[   26.322063] cloud-init[972]: |              ..*|
[[0;32m  OK  [0m] Started FUSE filesystem for LXC.
[   26.322161] cloud-init[972]: +----[SHA256]-----+
         Starting Accounts Service...
         Starting System Logging Service...
[[0;32m  OK  [0m] Started Deferred execution scheduler.
         Starting Pollinate to seed the pseudo random number generator...
         Starting LSB: MD monitoring daemon...
         Starting Login Service...
[[0;32m  OK  [0m] Started Regular background program processing daemon.
[[0;32m  OK  [0m] Started Snappy daemon.
[[0;32m  OK  [0m] Started System Logging Service.
[[0;32m  OK  [0m] Started /etc/rc.local Compatibility.
[[0;32m  OK  [0m] Started LXD - container startup/shutdown.
[[0;32m  OK  [0m] Started Login to default iSCSI targets.
[[0;32m  OK  [0m] Started Pollinate to seed the pseudo random number generator.
[[0;32m  OK  [0m] Started Virtualbox guest utils.
[[0;32m  OK  [0m] Started LSB: Record successful boot for GRUB.
[[0;32m  OK  [0m] Started LSB: MD monitoring daemon.
         Starting Authenticate and Authorize Users to Run Privileged Tasks...
         Starting OpenBSD Secure Shell server...
[[0;32m  OK  [0m] Reached target Remote File Systems (Pre).
[[0;32m  OK  [0m] Reached target Remote File Systems.
         Starting LSB: daemon to balance interrupts for SMP systems...
         Starting LSB: Set the CPU Frequency Scaling governor to "ondemand"...
         Starting Permit User Sessions...
         Starting LSB: automatic crash report generation...
         Starting Wait until snapd is fully seeded...
[[0;32m  OK  [0m] Started Permit User Sessions.
[[0;32m  OK  [0m] Started Wait until snapd is fully seeded.
[[0;32m  OK  [0m] Started OpenBSD Secure Shell server.
[[0;32m  OK  [0m] Started Login Service.
[[0;32m  OK  [0m] Started Authenticate and Authorize Users to Run Privileged Tasks.
[[0;32m  OK  [0m] Started Accounts Service.
[[0;32m  OK  [0m] Started LSB: Set the CPU Frequency Scaling governor to "ondemand".
[[0;32m  OK  [0m] Started LSB: daemon to balance interrupts for SMP systems.
[[0;32m  OK  [0m] Created slice User Slice of vagrant.
[[0;32m  OK  [0m] Started Session 1 of user vagrant.
         Starting User Manager for UID 1000...
[[0;32m  OK  [0m] Started Unattended Upgrades Shutdown.
         Starting Apply the settings specified in cloud-config...
         Starting Hold until boot process finishes up...
         Starting Terminate Plymouth Boot Screen...
[[0;32m  OK  [0m] Started User Manager for UID 1000.
[[0;32m  OK  [0m] Started LSB: automatic crash report generation.
[[0;32m  OK  [0m] Started Hold until boot process finishes up.
[[0;32m  OK  [0m] Started Terminate Plymouth Boot Screen.
[[0;32m  OK  [0m] Started Getty on tty1.
         Starting Set console scheme...
[[0;32m  OK  [0m] Started Serial Getty on ttyS0.
[[0;32m  OK  [0m] Reached target Login Prompts.
[[0;32m  OK  [0m] Reached target Multi-User System.
[[0;32m  OK  [0m] Reached target Graphical Interface.
         Starting Update UTMP about System Runlevel Changes...
[[0;32m  OK  [0m] Started Set console scheme.
[[0;32m  OK  [0m] Started Update UTMP about System Runlevel Changes.
[   29.082970] cloud-init[1316]: Generating locales (this might take a while)...
[   30.661684] cloud-init[1316]:   en_US.UTF-8... done
[   30.696450] cloud-init[1316]: Generation complete.
[   31.233932] cloud-init[1316]: Cloud-init v. 19.2-36-g059d049c-0ubuntu1~16.04.1 running 'modules:config' at Tue, 15 Oct 2019 14:53:59 +0000. Up 28.86 seconds.
[[0;32m  OK  [0m] Started Apply the settings specified in cloud-config.
         Starting Execute cloud user/final scripts...
ci-info: no authorized ssh keys fingerprints found for user ubuntu.
<14>Oct 15 14:54:02 ec2: 
<14>Oct 15 14:54:02 ec2: #############################################################
<14>Oct 15 14:54:02 ec2: -----BEGIN SSH HOST KEY FINGERPRINTS-----
<14>Oct 15 14:54:02 ec2: 1024 SHA256:gVsqxI5aKBB3GVQcf1tJZ9uyVFDL8ckq9siOAFPd19c root@ubuntu-xenial (DSA)
<14>Oct 15 14:54:02 ec2: 256 SHA256:Uacv+Ue2p5nVvA+mQqLj5BrVD8ghe++bGPlbChJQF3A root@ubuntu-xenial (ECDSA)
<14>Oct 15 14:54:02 ec2: 256 SHA256:ccFrUdHxqhX5Ltt/dgnlJRByKa+GiNkjUYcpI27HpyY root@ubuntu-xenial (ED25519)
<14>Oct 15 14:54:02 ec2: 2048 SHA256:ixmgN6gwl9GzyxLBFXk3Q5iUA9kaABnCHifbshpWmB4 root@ubuntu-xenial (RSA)
<14>Oct 15 14:54:02 ec2: -----END SSH HOST KEY FINGERPRINTS-----
<14>Oct 15 14:54:02 ec2: #############################################################
-----BEGIN SSH HOST KEY KEYS-----
ecdsa-sha2-nistp256 AAAAE2VjZHNhLXNoYTItbmlzdHAyNTYAAAAIbmlzdHAyNTYAAABBBPX96HT4dVOidRLM53IKY0NKHvuMJr73KkQvBdmdtu6j1/xH4EiPq/qfUQLrAltBNsR3RdzNiR4dVHFVfCKY0jc= root@ubuntu-xenial
ssh-ed25519 AAAAC3NzaC1lZDI1NTE5AAAAIO+qI/Cb4bxA/Xk9KEL3tRJTWnSLUEx4hhkp/nm4kbcw root@ubuntu-xenial
ssh-rsa AAAAB3NzaC1yc2EAAAADAQABAAABAQC3Vq4/Jh9jVGJo4hgrWoR/YRK7BRrG20uUEQ5CWXkFzHudqYqjsfisn2qdyPEfZtzjdv/ZJ56R4splLxD7Cr9J3k+hA40ZuzuDCCFjv0NbF6+zAqDUpErEqrNVTvpMKOwV78GyE+1IIqnlT3XoxbeW9gfr/QGFvF9FSmy0ijca224Z9n88yiUunGR+RrD14BRRaBmVc6GPjoaEXCUBFZx5YeuUzhxvD5uFOpdSOOYpMwlEqi18xjIGYTBFMTMJSCDbwHsibnNaEQku7gWjkaOhvenMEP0IphuLN/FM2a9gjeahs3YdfhENWSZPYWgYuQkhgkk0vVqdO6rEs9P5QFiv root@ubuntu-xenial
-----END SSH HOST KEY KEYS-----
[   32.922405] cloud-init[1521]: Cloud-init v. 19.2-36-g059d049c-0ubuntu1~16.04.1 running 'modules:final' at Tue, 15 Oct 2019 14:54:02 +0000. Up 31.86 seconds.
[   33.088957] [cloud-init[0;32m  OK  [0m[1521]: ] ci-info: no authorized ssh keys fingerprints found for user ubuntu.Started Execute cloud user/final scripts.

[   33.090039] cloud-init[1521]: Cloud-init v. 19.2-36-g059d049c-0ubuntu1~16.04.1 finished at Tue, 15 Oct 2019 14:54:03 +0000. Datasource DataSourceNoCloud [seed=/dev/sdb][dsmode=net].  Up 32.89 seconds
[[0;32m  OK  [0m] Reached target Cloud-init target.

Ubuntu 16.04.6 LTS ubuntu-xenial ttyS0

ubuntu-xenial login: 